  [4;36;1mSQL (0.2ms)[0m   [0;1m SELECT name
 FROM sqlite_master
 WHERE type = 'table' AND NOT name = 'sqlite_sequence'
[0m
  [4;35;1mSQL (0.1ms)[0m   [0mselect sqlite_version(*)[0m
  [4;36;1mSQL (12.3ms)[0m   [0;1mCREATE TABLE "schema_migrations" ("version" varchar(255) NOT NULL) [0m
  [4;35;1mSQL (2.0ms)[0m   [0mCREATE UNIQUE INDEX "unique_schema_migrations" ON "schema_migrations" ("version")[0m
  [4;36;1mSQL (0.2ms)[0m   [0;1m SELECT name
 FROM sqlite_master
 WHERE type = 'table' AND NOT name = 'sqlite_sequence'
[0m
  [4;35;1mSQL (0.1ms)[0m   [0mSELECT version FROM schema_migrations[0m
Migrating to CreateUsers (20090506152258)
  [4;36;1mSQL (0.5ms)[0m   [0;1mCREATE TABLE "users" ("id" INTEGER PRIMARY KEY AUTOINCREMENT NOT NULL, "name" varchar(255), "address" varchar(255), "created_at" datetime, "updated_at" datetime) [0m
  [4;35;1mSQL (0.1ms)[0m   [0mINSERT INTO schema_migrations (version) VALUES ('20090506152258')[0m
  [4;36;1mSQL (0.2ms)[0m   [0;1m SELECT name
 FROM sqlite_master
 WHERE type = 'table' AND NOT name = 'sqlite_sequence'
[0m
  [4;35;1mSQL (0.1ms)[0m   [0mSELECT version FROM schema_migrations[0m
  [4;36;1mSQL (0.1ms)[0m   [0;1m SELECT name
 FROM sqlite_master
 WHERE type = 'table' AND NOT name = 'sqlite_sequence'
[0m
  [4;35;1mSQL (0.0ms)[0m   [0mPRAGMA index_list("users")[0m
  [4;36;1mSQL (0.4ms)[0m   [0;1m SELECT name
 FROM sqlite_master
 WHERE type = 'table' AND NOT name = 'sqlite_sequence'
[0m
  [4;35;1mSQL (0.1ms)[0m   [0mSELECT version FROM schema_migrations[0m
  [4;36;1mSQL (0.2ms)[0m   [0;1mselect sqlite_version(*)[0m
  [4;35;1mSQL (0.3ms)[0m   [0m SELECT name
 FROM sqlite_master
 WHERE type = 'table' AND NOT name = 'sqlite_sequence'
[0m
  [4;36;1mSQL (3.4ms)[0m   [0;1mCREATE TABLE "users" ("id" INTEGER PRIMARY KEY AUTOINCREMENT NOT NULL, "name" varchar(255), "address" varchar(255), "created_at" datetime, "updated_at" datetime) [0m
  [4;35;1mSQL (0.3ms)[0m   [0m SELECT name
 FROM sqlite_master
 WHERE type = 'table' AND NOT name = 'sqlite_sequence'
[0m
  [4;36;1mSQL (2.7ms)[0m   [0;1mCREATE TABLE "schema_migrations" ("version" varchar(255) NOT NULL) [0m
  [4;35;1mSQL (3.0ms)[0m   [0mCREATE UNIQUE INDEX "unique_schema_migrations" ON "schema_migrations" ("version")[0m
  [4;36;1mSQL (0.2ms)[0m   [0;1m SELECT name
 FROM sqlite_master
 WHERE type = 'table' AND NOT name = 'sqlite_sequence'
[0m
  [4;35;1mSQL (0.1ms)[0m   [0mSELECT version FROM "schema_migrations"[0m
  [4;36;1mSQL (1.6ms)[0m   [0;1mINSERT INTO "schema_migrations" (version) VALUES ('20090506152258')[0m
  [4;36;1mSQL (0.4ms)[0m   [0;1m SELECT name
 FROM sqlite_master
 WHERE type = 'table' AND NOT name = 'sqlite_sequence'
[0m
  [4;35;1mSQL (0.1ms)[0m   [0mSELECT version FROM schema_migrations[0m
  [4;36;1mSQL (0.1ms)[0m   [0;1mselect sqlite_version(*)[0m
  [4;35;1mSQL (0.2ms)[0m   [0m SELECT name
 FROM sqlite_master
 WHERE type = 'table' AND NOT name = 'sqlite_sequence'
[0m
  [4;36;1mSQL (12.5ms)[0m   [0;1mCREATE TABLE "users" ("id" INTEGER PRIMARY KEY AUTOINCREMENT NOT NULL, "name" varchar(255), "address" varchar(255), "created_at" datetime, "updated_at" datetime) [0m
  [4;35;1mSQL (0.5ms)[0m   [0m SELECT name
 FROM sqlite_master
 WHERE type = 'table' AND NOT name = 'sqlite_sequence'
[0m
  [4;36;1mSQL (2.3ms)[0m   [0;1mCREATE TABLE "schema_migrations" ("version" varchar(255) NOT NULL) [0m
  [4;35;1mSQL (3.7ms)[0m   [0mCREATE UNIQUE INDEX "unique_schema_migrations" ON "schema_migrations" ("version")[0m
  [4;36;1mSQL (0.9ms)[0m   [0;1m SELECT name
 FROM sqlite_master
 WHERE type = 'table' AND NOT name = 'sqlite_sequence'
[0m
  [4;35;1mSQL (0.2ms)[0m   [0mSELECT version FROM "schema_migrations"[0m
  [4;36;1mSQL (1.7ms)[0m   [0;1mINSERT INTO "schema_migrations" (version) VALUES ('20090506152258')[0m
  [4;36;1mSQL (0.4ms)[0m   [0;1m SELECT name
 FROM sqlite_master
 WHERE type = 'table' AND NOT name = 'sqlite_sequence'
[0m
  [4;35;1mSQL (0.1ms)[0m   [0mSELECT version FROM schema_migrations[0m
  [4;36;1mSQL (0.2ms)[0m   [0;1mselect sqlite_version(*)[0m
  [4;35;1mSQL (0.2ms)[0m   [0m SELECT name
 FROM sqlite_master
 WHERE type = 'table' AND NOT name = 'sqlite_sequence'
[0m
  [4;36;1mSQL (12.5ms)[0m   [0;1mCREATE TABLE "users" ("id" INTEGER PRIMARY KEY AUTOINCREMENT NOT NULL, "name" varchar(255), "address" varchar(255), "created_at" datetime, "updated_at" datetime) [0m
  [4;35;1mSQL (0.5ms)[0m   [0m SELECT name
 FROM sqlite_master
 WHERE type = 'table' AND NOT name = 'sqlite_sequence'
[0m
  [4;36;1mSQL (2.0ms)[0m   [0;1mCREATE TABLE "schema_migrations" ("version" varchar(255) NOT NULL) [0m
  [4;35;1mSQL (1.8ms)[0m   [0mCREATE UNIQUE INDEX "unique_schema_migrations" ON "schema_migrations" ("version")[0m
  [4;36;1mSQL (0.2ms)[0m   [0;1m SELECT name
 FROM sqlite_master
 WHERE type = 'table' AND NOT name = 'sqlite_sequence'
[0m
  [4;35;1mSQL (0.1ms)[0m   [0mSELECT version FROM "schema_migrations"[0m
  [4;36;1mSQL (1.7ms)[0m   [0;1mINSERT INTO "schema_migrations" (version) VALUES ('20090506152258')[0m
  [4;36;1mSQL (0.4ms)[0m   [0;1m SELECT name
 FROM sqlite_master
 WHERE type = 'table' AND NOT name = 'sqlite_sequence'
[0m
  [4;35;1mSQL (0.1ms)[0m   [0mSELECT version FROM schema_migrations[0m
  [4;36;1mSQL (0.1ms)[0m   [0;1mselect sqlite_version(*)[0m
  [4;35;1mSQL (0.2ms)[0m   [0m SELECT name
 FROM sqlite_master
 WHERE type = 'table' AND NOT name = 'sqlite_sequence'
[0m
  [4;36;1mSQL (12.5ms)[0m   [0;1mCREATE TABLE "users" ("id" INTEGER PRIMARY KEY AUTOINCREMENT NOT NULL, "name" varchar(255), "address" varchar(255), "created_at" datetime, "updated_at" datetime) [0m
  [4;35;1mSQL (0.8ms)[0m   [0m SELECT name
 FROM sqlite_master
 WHERE type = 'table' AND NOT name = 'sqlite_sequence'
[0m
  [4;36;1mSQL (2.3ms)[0m   [0;1mCREATE TABLE "schema_migrations" ("version" varchar(255) NOT NULL) [0m
  [4;35;1mSQL (2.1ms)[0m   [0mCREATE UNIQUE INDEX "unique_schema_migrations" ON "schema_migrations" ("version")[0m
  [4;36;1mSQL (0.5ms)[0m   [0;1m SELECT name
 FROM sqlite_master
 WHERE type = 'table' AND NOT name = 'sqlite_sequence'
[0m
  [4;35;1mSQL (0.2ms)[0m   [0mSELECT version FROM "schema_migrations"[0m
  [4;36;1mSQL (1.8ms)[0m   [0;1mINSERT INTO "schema_migrations" (version) VALUES ('20090506152258')[0m
  [4;36;1mSQL (0.4ms)[0m   [0;1m SELECT name
 FROM sqlite_master
 WHERE type = 'table' AND NOT name = 'sqlite_sequence'
[0m
  [4;35;1mSQL (0.1ms)[0m   [0mSELECT version FROM schema_migrations[0m
  [4;36;1mSQL (0.1ms)[0m   [0;1mselect sqlite_version(*)[0m
  [4;35;1mSQL (0.2ms)[0m   [0m SELECT name
 FROM sqlite_master
 WHERE type = 'table' AND NOT name = 'sqlite_sequence'
[0m
  [4;36;1mSQL (12.2ms)[0m   [0;1mCREATE TABLE "users" ("id" INTEGER PRIMARY KEY AUTOINCREMENT NOT NULL, "name" varchar(255), "address" varchar(255), "created_at" datetime, "updated_at" datetime) [0m
  [4;35;1mSQL (0.4ms)[0m   [0m SELECT name
 FROM sqlite_master
 WHERE type = 'table' AND NOT name = 'sqlite_sequence'
[0m
  [4;36;1mSQL (2.1ms)[0m   [0;1mCREATE TABLE "schema_migrations" ("version" varchar(255) NOT NULL) [0m
  [4;35;1mSQL (1.9ms)[0m   [0mCREATE UNIQUE INDEX "unique_schema_migrations" ON "schema_migrations" ("version")[0m
  [4;36;1mSQL (0.2ms)[0m   [0;1m SELECT name
 FROM sqlite_master
 WHERE type = 'table' AND NOT name = 'sqlite_sequence'
[0m
  [4;35;1mSQL (0.1ms)[0m   [0mSELECT version FROM "schema_migrations"[0m
  [4;36;1mSQL (1.9ms)[0m   [0;1mINSERT INTO "schema_migrations" (version) VALUES ('20090506152258')[0m
  [4;36;1mSQL (0.4ms)[0m   [0;1m SELECT name
 FROM sqlite_master
 WHERE type = 'table' AND NOT name = 'sqlite_sequence'
[0m
  [4;35;1mSQL (0.1ms)[0m   [0mSELECT version FROM schema_migrations[0m
  [4;36;1mSQL (0.1ms)[0m   [0;1mselect sqlite_version(*)[0m
  [4;35;1mSQL (0.2ms)[0m   [0m SELECT name
 FROM sqlite_master
 WHERE type = 'table' AND NOT name = 'sqlite_sequence'
[0m
  [4;36;1mSQL (12.4ms)[0m   [0;1mCREATE TABLE "users" ("id" INTEGER PRIMARY KEY AUTOINCREMENT NOT NULL, "name" varchar(255), "address" varchar(255), "created_at" datetime, "updated_at" datetime) [0m
  [4;35;1mSQL (0.5ms)[0m   [0m SELECT name
 FROM sqlite_master
 WHERE type = 'table' AND NOT name = 'sqlite_sequence'
[0m
  [4;36;1mSQL (2.1ms)[0m   [0;1mCREATE TABLE "schema_migrations" ("version" varchar(255) NOT NULL) [0m
  [4;35;1mSQL (2.5ms)[0m   [0mCREATE UNIQUE INDEX "unique_schema_migrations" ON "schema_migrations" ("version")[0m
  [4;36;1mSQL (0.8ms)[0m   [0;1m SELECT name
 FROM sqlite_master
 WHERE type = 'table' AND NOT name = 'sqlite_sequence'
[0m
  [4;35;1mSQL (0.2ms)[0m   [0mSELECT version FROM "schema_migrations"[0m
  [4;36;1mSQL (2.0ms)[0m   [0;1mINSERT INTO "schema_migrations" (version) VALUES ('20090506152258')[0m


Processing UsersController#index (for 127.0.0.1 at 2009-05-06 11:33:32) [GET]
Rendering template within layouts/users
Rendering users/index
Completed in 38ms (View: 37, DB: 0) | 200 OK [http://localhost/users]


Processing UsersController#show (for 127.0.0.1 at 2009-05-06 11:33:42) [POST]
  Parameters: {"user"=>{"name"=>"Alex Rothenberg"}, "commit"=>"Find", "authenticity_token"=>"zNPMc9rw9eePU0ARZeuOFzUxhXyzzTz9LV+ThQMkTg0="}
  [4;36;1mUser Load (0.2ms)[0m   [0;1mSELECT * FROM "users" WHERE ("users"."name" = 'Alex Rothenberg') LIMIT 1[0m
Rendering template within layouts/users
Rendering users/show

ActionView::TemplateError (You have a nil object when you didn't expect it!
The error occurred while evaluating nil.name) on line #3 of app/views/users/show.html.erb:
1: <p>
2:   <b>Name:</b>
3:   <%=h @user.name %>
4: </p>
5: 
6: <p>

    app/views/users/show.html.erb:3
    app/controllers/users_controller.rb:16:in `show'

Rendered rescues/_trace (77.3ms)
Rendered rescues/_request_and_response (1.4ms)
Rendering rescues/layout (internal_server_error)


Processing UsersController#new (for 127.0.0.1 at 2009-05-06 11:33:52) [GET]
Rendering template within layouts/users
Rendering users/new
Completed in 9ms (View: 5, DB: 0) | 200 OK [http://localhost/users/new]


Processing UsersController#create (for 127.0.0.1 at 2009-05-06 11:33:59) [POST]
  Parameters: {"user"=>{"name"=>"Pat S", "address"=>"456"}, "commit"=>"Create", "authenticity_token"=>"zNPMc9rw9eePU0ARZeuOFzUxhXyzzTz9LV+ThQMkTg0="}
  [4;35;1mUser Create (0.5ms)[0m   [0mINSERT INTO "users" ("name", "updated_at", "address", "created_at") VALUES('Pat S', '2009-05-06 15:33:59', '456', '2009-05-06 15:33:59')[0m
Redirected to http://localhost:3000/users/1
Completed in 19ms (DB: 1) | 302 Found [http://localhost/users]


Processing UsersController#show (for 127.0.0.1 at 2009-05-06 11:33:59) [GET]
  Parameters: {"id"=>"1"}
Rendering template within layouts/users
Rendering users/show

ActionView::TemplateError (You have a nil object when you didn't expect it!
The error occurred while evaluating nil.name) on line #3 of app/views/users/show.html.erb:
1: <p>
2:   <b>Name:</b>
3:   <%=h @user.name %>
4: </p>
5: 
6: <p>

    app/views/users/show.html.erb:3
    app/controllers/users_controller.rb:16:in `show'

Rendered rescues/_trace (81.1ms)
Rendered rescues/_request_and_response (0.2ms)
Rendering rescues/layout (internal_server_error)


Processing UsersController#show (for 127.0.0.1 at 2009-05-06 11:35:38) [GET]
  Parameters: {"id"=>"1"}
  [4;36;1mUser Load (0.2ms)[0m   [0;1mSELECT * FROM "users" WHERE ("users"."id" = 1) [0m
Rendering template within layouts/users
Rendering users/show
Completed in 7ms (View: 2, DB: 0) | 200 OK [http://localhost/users/1]


Processing UsersController#index (for 127.0.0.1 at 2009-05-06 11:35:42) [GET]
Rendering template within layouts/users
Rendering users/index
Completed in 3ms (View: 2, DB: 0) | 200 OK [http://localhost/users]


Processing UsersController#show (for 127.0.0.1 at 2009-05-06 11:35:46) [POST]
  Parameters: {"user"=>{"name"=>"Alex Rothenberg"}, "commit"=>"Find", "authenticity_token"=>"zNPMc9rw9eePU0ARZeuOFzUxhXyzzTz9LV+ThQMkTg0="}
  [4;35;1mUser Load (0.2ms)[0m   [0mSELECT * FROM "users" WHERE ("users"."name" = 'Alex Rothenberg') LIMIT 1[0m
Rendering template within layouts/users
Rendering users/show

ActionView::TemplateError (You have a nil object when you didn't expect it!
The error occurred while evaluating nil.name) on line #3 of app/views/users/show.html.erb:
1: <p>
2:   <b>Name:</b>
3:   <%=h @user.name %>
4: </p>
5: 
6: <p>

    app/views/users/show.html.erb:3
    app/controllers/users_controller.rb:20:in `show'

Rendered rescues/_trace (82.7ms)
Rendered rescues/_request_and_response (0.3ms)
Rendering rescues/layout (internal_server_error)


Processing UsersController#index (for 127.0.0.1 at 2009-05-06 11:36:49) [GET]
Rendering template within layouts/users
Rendering users/index
Completed in 10ms (View: 9, DB: 0) | 200 OK [http://localhost/users]


Processing UsersController#show (for 127.0.0.1 at 2009-05-06 11:36:52) [GET]
  Parameters: {"user"=>{"name"=>"p"}, "id"=>"auto_complete_for_user_name"}
  [4;36;1mUser Load (0.1ms)[0m   [0;1mSELECT * FROM "users" WHERE ("users"."name" = 'p') LIMIT 1[0m
Rendering template within layouts/users
Rendering users/show

ActionView::TemplateError (You have a nil object when you didn't expect it!
The error occurred while evaluating nil.name) on line #3 of app/views/users/show.html.erb:
1: <p>
2:   <b>Name:</b>
3:   <%=h @user.name %>
4: </p>
5: 
6: <p>

    app/views/users/show.html.erb:3
    app/controllers/users_controller.rb:20:in `show'

Rendered rescues/_trace (77.6ms)
Rendered rescues/_request_and_response (1.4ms)
Rendering rescues/layout (internal_server_error)


Processing UsersController#show (for 127.0.0.1 at 2009-05-06 11:36:53) [GET]
  Parameters: {"user"=>{"name"=>"pat"}, "id"=>"auto_complete_for_user_name"}
  [4;35;1mUser Load (0.2ms)[0m   [0mSELECT * FROM "users" WHERE ("users"."name" = 'pat') LIMIT 1[0m
Rendering template within layouts/users
Rendering users/show

ActionView::TemplateError (You have a nil object when you didn't expect it!
The error occurred while evaluating nil.name) on line #3 of app/views/users/show.html.erb:
1: <p>
2:   <b>Name:</b>
3:   <%=h @user.name %>
4: </p>
5: 
6: <p>

    app/views/users/show.html.erb:3
    app/controllers/users_controller.rb:20:in `show'

Rendered rescues/_trace (85.0ms)
Rendered rescues/_request_and_response (0.3ms)
Rendering rescues/layout (internal_server_error)


Processing UsersController#show (for 127.0.0.1 at 2009-05-06 11:36:57) [GET]
  Parameters: {"user"=>{"name"=>"pat"}, "id"=>"auto_complete_for_user_name"}
  [4;36;1mUser Load (0.1ms)[0m   [0;1mSELECT * FROM "users" WHERE ("users"."name" = 'pat') LIMIT 1[0m
Rendering template within layouts/users
Rendering users/show

ActionView::TemplateError (You have a nil object when you didn't expect it!
The error occurred while evaluating nil.name) on line #3 of app/views/users/show.html.erb:
1: <p>
2:   <b>Name:</b>
3:   <%=h @user.name %>
4: </p>
5: 
6: <p>

    app/views/users/show.html.erb:3
    app/controllers/users_controller.rb:20:in `show'

Rendered rescues/_trace (33.4ms)
Rendered rescues/_request_and_response (0.3ms)
Rendering rescues/layout (internal_server_error)


Processing UsersController#index (for 127.0.0.1 at 2009-05-06 11:37:04) [GET]
Rendering template within layouts/users
Rendering users/index
Completed in 4ms (View: 2, DB: 0) | 200 OK [http://localhost/users]


Processing UsersController#show (for 127.0.0.1 at 2009-05-06 11:37:07) [GET]
  Parameters: {"user"=>{"name"=>"p"}, "id"=>"auto_complete_for_user_name"}
  [4;35;1mUser Load (0.2ms)[0m   [0mSELECT * FROM "users" WHERE ("users"."name" = 'p') LIMIT 1[0m
Rendering template within layouts/users
Rendering users/show

ActionView::TemplateError (You have a nil object when you didn't expect it!
The error occurred while evaluating nil.name) on line #3 of app/views/users/show.html.erb:
1: <p>
2:   <b>Name:</b>
3:   <%=h @user.name %>
4: </p>
5: 
6: <p>

    app/views/users/show.html.erb:3
    app/controllers/users_controller.rb:20:in `show'

Rendered rescues/_trace (35.1ms)
Rendered rescues/_request_and_response (0.3ms)
Rendering rescues/layout (internal_server_error)


Processing UsersController#show (for 127.0.0.1 at 2009-05-06 11:37:09) [GET]
  Parameters: {"user"=>{"name"=>"pat"}, "id"=>"auto_complete_for_user_name"}
  [4;36;1mUser Load (0.1ms)[0m   [0;1mSELECT * FROM "users" WHERE ("users"."name" = 'pat') LIMIT 1[0m
Rendering template within layouts/users
Rendering users/show

ActionView::TemplateError (You have a nil object when you didn't expect it!
The error occurred while evaluating nil.name) on line #3 of app/views/users/show.html.erb:
1: <p>
2:   <b>Name:</b>
3:   <%=h @user.name %>
4: </p>
5: 
6: <p>

    app/views/users/show.html.erb:3
    app/controllers/users_controller.rb:20:in `show'

Rendered rescues/_trace (32.5ms)
Rendered rescues/_request_and_response (0.2ms)
Rendering rescues/layout (internal_server_error)


Processing UsersController#show (for 127.0.0.1 at 2009-05-06 11:37:10) [GET]
  Parameters: {"user"=>{"name"=>"pat"}, "id"=>"auto_complete_for_user_name"}
  [4;35;1mUser Load (0.1ms)[0m   [0mSELECT * FROM "users" WHERE ("users"."name" = 'pat') LIMIT 1[0m
Rendering template within layouts/users
Rendering users/show

ActionView::TemplateError (You have a nil object when you didn't expect it!
The error occurred while evaluating nil.name) on line #3 of app/views/users/show.html.erb:
1: <p>
2:   <b>Name:</b>
3:   <%=h @user.name %>
4: </p>
5: 
6: <p>

    app/views/users/show.html.erb:3
    app/controllers/users_controller.rb:20:in `show'

Rendered rescues/_trace (78.8ms)
Rendered rescues/_request_and_response (0.2ms)
Rendering rescues/layout (internal_server_error)


Processing UsersController#show (for 127.0.0.1 at 2009-05-06 11:37:36) [GET]
  Parameters: {"user"=>{"name"=>"pat"}, "id"=>"auto_complete_for_user_name"}
  [4;36;1mUser Load (0.1ms)[0m   [0;1mSELECT * FROM "users" WHERE ("users"."name" = 'pat') LIMIT 1[0m
Rendering template within layouts/users
Rendering users/show

ActionView::TemplateError (You have a nil object when you didn't expect it!
The error occurred while evaluating nil.name) on line #3 of app/views/users/show.html.erb:
1: <p>
2:   <b>Name:</b>
3:   <%=h @user.name %>
4: </p>
5: 
6: <p>

    app/views/users/show.html.erb:3
    app/controllers/users_controller.rb:20:in `show'

Rendered rescues/_trace (32.3ms)
Rendered rescues/_request_and_response (0.2ms)
Rendering rescues/layout (internal_server_error)


Processing UsersController#show (for 127.0.0.1 at 2009-05-06 11:37:38) [GET]
  Parameters: {"user"=>{"name"=>"pat"}, "id"=>"auto_complete_for_user_name"}
  [4;35;1mUser Load (0.1ms)[0m   [0mSELECT * FROM "users" WHERE ("users"."name" = 'pat') LIMIT 1[0m
Rendering template within layouts/users
Rendering users/show

ActionView::TemplateError (You have a nil object when you didn't expect it!
The error occurred while evaluating nil.name) on line #3 of app/views/users/show.html.erb:
1: <p>
2:   <b>Name:</b>
3:   <%=h @user.name %>
4: </p>
5: 
6: <p>

    app/views/users/show.html.erb:3
    app/controllers/users_controller.rb:20:in `show'

Rendered rescues/_trace (33.1ms)
Rendered rescues/_request_and_response (0.2ms)
Rendering rescues/layout (internal_server_error)


Processing UsersController#auto_complete_for_user_name (for 127.0.0.1 at 2009-05-06 11:38:11) [GET]
  Parameters: {"user"=>{"name"=>"pat"}}
  [4;36;1mUser Load (0.8ms)[0m   [0;1mSELECT * FROM "users" WHERE (LOWER(name) LIKE '%pat%') ORDER BY name ASC LIMIT 10[0m
Completed in 6ms (View: 2, DB: 1) | 200 OK [http://localhost/users/auto_complete_for_user_name?user%5Bname%5D=pat]


Processing UsersController#auto_complete_for_user_name (for 127.0.0.1 at 2009-05-06 11:38:18) [GET]
  Parameters: {"user"=>{"name"=>"pat"}}
  [4;36;1mUser Load (1.0ms)[0m   [0;1mSELECT * FROM "users" WHERE (LOWER(name) LIKE '%pat%') ORDER BY name ASC LIMIT 10[0m
Completed in 8ms (View: 4, DB: 1) | 200 OK [http://localhost/users/auto_complete_for_user_name?user%5Bname%5D=pat]


Processing UsersController#auto_complete_for_user_name (for 127.0.0.1 at 2009-05-06 11:38:26) [GET]
  Parameters: {"user"=>{"name"=>"p"}}
  [4;35;1mUser Load (0.8ms)[0m   [0mSELECT * FROM "users" WHERE (LOWER(name) LIKE '%p%') ORDER BY name ASC LIMIT 10[0m
Completed in 5ms (View: 1, DB: 1) | 200 OK [http://localhost/users/auto_complete_for_user_name?user%5Bname%5D=p]


Processing UsersController#show (for 127.0.0.1 at 2009-05-06 11:38:31) [POST]
  Parameters: {"user"=>{"name"=>"Pat S"}, "commit"=>"Find", "authenticity_token"=>"zNPMc9rw9eePU0ARZeuOFzUxhXyzzTz9LV+ThQMkTg0="}
  [4;36;1mUser Load (0.2ms)[0m   [0;1mSELECT * FROM "users" WHERE ("users"."name" = 'Pat S') LIMIT 1[0m
Rendering template within layouts/users
Rendering users/show
Completed in 19ms (View: 9, DB: 0) | 200 OK [http://localhost/users/show]
  [4;36;1mSQL (0.4ms)[0m   [0;1m SELECT name
 FROM sqlite_master
 WHERE type = 'table' AND NOT name = 'sqlite_sequence'
[0m
  [4;35;1mSQL (0.1ms)[0m   [0mSELECT version FROM schema_migrations[0m
  [4;36;1mSQL (0.1ms)[0m   [0;1mselect sqlite_version(*)[0m
  [4;35;1mSQL (0.2ms)[0m   [0m SELECT name
 FROM sqlite_master
 WHERE type = 'table' AND NOT name = 'sqlite_sequence'
[0m
  [4;36;1mSQL (12.6ms)[0m   [0;1mCREATE TABLE "users" ("id" INTEGER PRIMARY KEY AUTOINCREMENT NOT NULL, "name" varchar(255), "address" varchar(255), "created_at" datetime, "updated_at" datetime) [0m
  [4;35;1mSQL (0.3ms)[0m   [0m SELECT name
 FROM sqlite_master
 WHERE type = 'table' AND NOT name = 'sqlite_sequence'
[0m
  [4;36;1mSQL (2.0ms)[0m   [0;1mCREATE TABLE "schema_migrations" ("version" varchar(255) NOT NULL) [0m
  [4;35;1mSQL (2.6ms)[0m   [0mCREATE UNIQUE INDEX "unique_schema_migrations" ON "schema_migrations" ("version")[0m
  [4;36;1mSQL (0.5ms)[0m   [0;1m SELECT name
 FROM sqlite_master
 WHERE type = 'table' AND NOT name = 'sqlite_sequence'
[0m
  [4;35;1mSQL (0.2ms)[0m   [0mSELECT version FROM "schema_migrations"[0m
  [4;36;1mSQL (1.7ms)[0m   [0;1mINSERT INTO "schema_migrations" (version) VALUES ('20090506152258')[0m


Processing UsersController#index (for 127.0.0.1 at 2009-05-06 11:39:18) [GET]
Rendering template within layouts/users
Rendering users/index
Completed in 11ms (View: 10, DB: 0) | 200 OK [http://localhost/users]


Processing UsersController#new (for 127.0.0.1 at 2009-05-06 11:39:21) [GET]
Rendering template within layouts/users
Rendering users/new
Completed in 11ms (View: 6, DB: 0) | 200 OK [http://localhost/users/new]


Processing UsersController#create (for 127.0.0.1 at 2009-05-06 11:39:30) [POST]
  Parameters: {"user"=>{"name"=>"Alex Rothenberg", "address"=>"123 Main Street"}, "commit"=>"Create", "authenticity_token"=>"zNPMc9rw9eePU0ARZeuOFzUxhXyzzTz9LV+ThQMkTg0="}
  [4;36;1mUser Create (0.5ms)[0m   [0;1mINSERT INTO "users" ("name", "updated_at", "address", "created_at") VALUES('Alex Rothenberg', '2009-05-06 15:39:30', '123 Main Street', '2009-05-06 15:39:30')[0m
Redirected to http://localhost:3000/users/2
Completed in 18ms (DB: 1) | 302 Found [http://localhost/users]


Processing UsersController#show (for 127.0.0.1 at 2009-05-06 11:39:30) [GET]
  Parameters: {"id"=>"2"}
  [4;35;1mUser Load (0.2ms)[0m   [0mSELECT * FROM "users" WHERE ("users"."id" = 2) [0m
Rendering template within layouts/users
Rendering users/show
Completed in 10ms (View: 5, DB: 0) | 200 OK [http://localhost/users/2]


Processing UsersController#index (for 127.0.0.1 at 2009-05-06 11:39:37) [GET]
Rendering template within layouts/users
Rendering users/index
Completed in 4ms (View: 2, DB: 0) | 200 OK [http://localhost/users]


Processing UsersController#auto_complete_for_user_name (for 127.0.0.1 at 2009-05-06 11:39:41) [GET]
  Parameters: {"user"=>{"name"=>"p"}}
  [4;36;1mUser Load (0.9ms)[0m   [0;1mSELECT * FROM "users" WHERE (LOWER(name) LIKE '%p%') ORDER BY name ASC LIMIT 10[0m
Completed in 6ms (View: 2, DB: 1) | 200 OK [http://localhost/users/auto_complete_for_user_name?user%5Bname%5D=p]


Processing UsersController#auto_complete_for_user_name (for 127.0.0.1 at 2009-05-06 11:39:41) [GET]
  Parameters: {"user"=>{"name"=>"pat"}}
  [4;35;1mUser Load (0.8ms)[0m   [0mSELECT * FROM "users" WHERE (LOWER(name) LIKE '%pat%') ORDER BY name ASC LIMIT 10[0m
Completed in 5ms (View: 1, DB: 1) | 200 OK [http://localhost/users/auto_complete_for_user_name?user%5Bname%5D=pat]


Processing UsersController#auto_complete_for_user_name (for 127.0.0.1 at 2009-05-06 11:39:43) [GET]
  Parameters: {"user"=>{"name"=>"al"}}
  [4;36;1mUser Load (0.7ms)[0m   [0;1mSELECT * FROM "users" WHERE (LOWER(name) LIKE '%al%') ORDER BY name ASC LIMIT 10[0m
Completed in 5ms (View: 1, DB: 1) | 200 OK [http://localhost/users/auto_complete_for_user_name?user%5Bname%5D=al]


Processing UsersController#auto_complete_for_user_name (for 127.0.0.1 at 2009-05-06 11:39:43) [GET]
  Parameters: {"user"=>{"name"=>"alex"}}
  [4;35;1mUser Load (1.1ms)[0m   [0mSELECT * FROM "users" WHERE (LOWER(name) LIKE '%alex%') ORDER BY name ASC LIMIT 10[0m
Completed in 7ms (View: 2, DB: 1) | 200 OK [http://localhost/users/auto_complete_for_user_name?user%5Bname%5D=alex]


Processing UsersController#new (for 127.0.0.1 at 2009-05-06 11:40:02) [GET]
Rendering template within layouts/users
Rendering users/new
Completed in 8ms (View: 4, DB: 0) | 200 OK [http://localhost/users/new]


Processing UsersController#create (for 127.0.0.1 at 2009-05-06 11:40:16) [POST]
  Parameters: {"user"=>{"name"=>"Mickey Mouse", "address"=>"123 Disney Avenue"}, "commit"=>"Create", "authenticity_token"=>"zNPMc9rw9eePU0ARZeuOFzUxhXyzzTz9LV+ThQMkTg0="}
  [4;36;1mUser Create (0.4ms)[0m   [0;1mINSERT INTO "users" ("name", "updated_at", "address", "created_at") VALUES('Mickey Mouse', '2009-05-06 15:40:16', '123 Disney Avenue', '2009-05-06 15:40:16')[0m
Redirected to http://localhost:3000/users/3
Completed in 12ms (DB: 0) | 302 Found [http://localhost/users]


Processing UsersController#show (for 127.0.0.1 at 2009-05-06 11:40:16) [GET]
  Parameters: {"id"=>"3"}
  [4;35;1mUser Load (0.2ms)[0m   [0mSELECT * FROM "users" WHERE ("users"."id" = 3) [0m
Rendering template within layouts/users
Rendering users/show
Completed in 7ms (View: 2, DB: 0) | 200 OK [http://localhost/users/3]


Processing UsersController#index (for 127.0.0.1 at 2009-05-06 11:40:17) [GET]
Rendering template within layouts/users
Rendering users/index
Completed in 3ms (View: 2, DB: 0) | 200 OK [http://localhost/users]


Processing UsersController#auto_complete_for_user_name (for 127.0.0.1 at 2009-05-06 11:40:21) [GET]
  Parameters: {"user"=>{"name"=>"Minnie Mouse"}}
  [4;36;1mUser Load (0.8ms)[0m   [0;1mSELECT * FROM "users" WHERE (LOWER(name) LIKE '%minnie mouse%') ORDER BY name ASC LIMIT 10[0m
Completed in 5ms (View: 1, DB: 1) | 200 OK [http://localhost/users/auto_complete_for_user_name?user%5Bname%5D=Minnie%20Mouse]


Processing UsersController#new (for 127.0.0.1 at 2009-05-06 11:40:23) [GET]
Rendering template within layouts/users
Rendering users/new
Completed in 7ms (View: 3, DB: 0) | 200 OK [http://localhost/users/new]


Processing UsersController#create (for 127.0.0.1 at 2009-05-06 11:40:33) [POST]
  Parameters: {"user"=>{"name"=>"Minnie Mouse", "address"=>"456 Disney Lane"}, "commit"=>"Create", "authenticity_token"=>"zNPMc9rw9eePU0ARZeuOFzUxhXyzzTz9LV+ThQMkTg0="}
  [4;35;1mUser Create (0.4ms)[0m   [0mINSERT INTO "users" ("name", "updated_at", "address", "created_at") VALUES('Minnie Mouse', '2009-05-06 15:40:33', '456 Disney Lane', '2009-05-06 15:40:33')[0m
Redirected to http://localhost:3000/users/4
Completed in 9ms (DB: 0) | 302 Found [http://localhost/users]


Processing UsersController#show (for 127.0.0.1 at 2009-05-06 11:40:33) [GET]
  Parameters: {"id"=>"4"}
  [4;36;1mUser Load (0.2ms)[0m   [0;1mSELECT * FROM "users" WHERE ("users"."id" = 4) [0m
Rendering template within layouts/users
Rendering users/show
Completed in 6ms (View: 2, DB: 0) | 200 OK [http://localhost/users/4]


Processing UsersController#index (for 127.0.0.1 at 2009-05-06 11:40:34) [GET]
Rendering template within layouts/users
Rendering users/index
Completed in 3ms (View: 2, DB: 0) | 200 OK [http://localhost/users]


Processing UsersController#auto_complete_for_user_name (for 127.0.0.1 at 2009-05-06 11:40:36) [GET]
  Parameters: {"user"=>{"name"=>"M"}}
  [4;35;1mUser Load (1.1ms)[0m   [0mSELECT * FROM "users" WHERE (LOWER(name) LIKE '%m%') ORDER BY name ASC LIMIT 10[0m
Completed in 5ms (View: 1, DB: 1) | 200 OK [http://localhost/users/auto_complete_for_user_name?user%5Bname%5D=M]


Processing UsersController#auto_complete_for_user_name (for 127.0.0.1 at 2009-05-06 11:40:39) [GET]
  Parameters: {"user"=>{"name"=>"Mi"}}
  [4;36;1mUser Load (1.1ms)[0m   [0;1mSELECT * FROM "users" WHERE (LOWER(name) LIKE '%mi%') ORDER BY name ASC LIMIT 10[0m
Completed in 6ms (View: 2, DB: 1) | 200 OK [http://localhost/users/auto_complete_for_user_name?user%5Bname%5D=Mi]


Processing UsersController#auto_complete_for_user_name (for 127.0.0.1 at 2009-05-06 11:40:55) [GET]
  Parameters: {"user"=>{"name"=>"Mi"}}
  [4;35;1mUser Load (0.9ms)[0m   [0mSELECT * FROM "users" WHERE (LOWER(name) LIKE '%mi%') ORDER BY name ASC LIMIT 10[0m
Completed in 56ms (View: 1, DB: 1) | 200 OK [http://localhost/users/auto_complete_for_user_name?user%5Bname%5D=Mi]


Processing UsersController#auto_complete_for_user_name (for 127.0.0.1 at 2009-05-06 11:40:58) [GET]
  Parameters: {"user"=>{"name"=>"Mi"}}
  [4;36;1mUser Load (1.0ms)[0m   [0;1mSELECT * FROM "users" WHERE (LOWER(name) LIKE '%mi%') ORDER BY name ASC LIMIT 10[0m
Completed in 6ms (View: 1, DB: 1) | 200 OK [http://localhost/users/auto_complete_for_user_name?user%5Bname%5D=Mi]


Processing UsersController#auto_complete_for_user_name (for 127.0.0.1 at 2009-05-06 11:41:16) [GET]
  Parameters: {"user"=>{"name"=>"Mi"}}
  [4;35;1mUser Load (0.8ms)[0m   [0mSELECT * FROM "users" WHERE (LOWER(name) LIKE '%mi%') ORDER BY name ASC LIMIT 10[0m
Completed in 5ms (View: 1, DB: 1) | 200 OK [http://localhost/users/auto_complete_for_user_name?user%5Bname%5D=Mi]
  [4;36;1mSQL (0.4ms)[0m   [0;1m SELECT name
 FROM sqlite_master
 WHERE type = 'table' AND NOT name = 'sqlite_sequence'
[0m
  [4;35;1mSQL (0.1ms)[0m   [0mSELECT version FROM schema_migrations[0m
  [4;36;1mSQL (0.1ms)[0m   [0;1mselect sqlite_version(*)[0m
  [4;35;1mSQL (0.2ms)[0m   [0m SELECT name
 FROM sqlite_master
 WHERE type = 'table' AND NOT name = 'sqlite_sequence'
[0m
  [4;36;1mSQL (13.0ms)[0m   [0;1mCREATE TABLE "users" ("id" INTEGER PRIMARY KEY AUTOINCREMENT NOT NULL, "name" varchar(255), "address" varchar(255), "created_at" datetime, "updated_at" datetime) [0m
  [4;35;1mSQL (0.6ms)[0m   [0m SELECT name
 FROM sqlite_master
 WHERE type = 'table' AND NOT name = 'sqlite_sequence'
[0m
  [4;36;1mSQL (2.3ms)[0m   [0;1mCREATE TABLE "schema_migrations" ("version" varchar(255) NOT NULL) [0m
  [4;35;1mSQL (1.9ms)[0m   [0mCREATE UNIQUE INDEX "unique_schema_migrations" ON "schema_migrations" ("version")[0m
  [4;36;1mSQL (0.3ms)[0m   [0;1m SELECT name
 FROM sqlite_master
 WHERE type = 'table' AND NOT name = 'sqlite_sequence'
[0m
  [4;35;1mSQL (0.1ms)[0m   [0mSELECT version FROM "schema_migrations"[0m
  [4;36;1mSQL (1.7ms)[0m   [0;1mINSERT INTO "schema_migrations" (version) VALUES ('20090506152258')[0m
  [4;36;1mSQL (0.5ms)[0m   [0;1m SELECT name
 FROM sqlite_master
 WHERE type = 'table' AND NOT name = 'sqlite_sequence'
[0m
  [4;35;1mSQL (0.1ms)[0m   [0mSELECT version FROM schema_migrations[0m
  [4;36;1mSQL (0.1ms)[0m   [0;1mselect sqlite_version(*)[0m
  [4;35;1mSQL (0.3ms)[0m   [0m SELECT name
 FROM sqlite_master
 WHERE type = 'table' AND NOT name = 'sqlite_sequence'
[0m
  [4;36;1mSQL (12.3ms)[0m   [0;1mCREATE TABLE "users" ("id" INTEGER PRIMARY KEY AUTOINCREMENT NOT NULL, "name" varchar(255), "address" varchar(255), "created_at" datetime, "updated_at" datetime) [0m
  [4;35;1mSQL (0.2ms)[0m   [0m SELECT name
 FROM sqlite_master
 WHERE type = 'table' AND NOT name = 'sqlite_sequence'
[0m
  [4;36;1mSQL (1.4ms)[0m   [0;1mCREATE TABLE "schema_migrations" ("version" varchar(255) NOT NULL) [0m
  [4;35;1mSQL (1.5ms)[0m   [0mCREATE UNIQUE INDEX "unique_schema_migrations" ON "schema_migrations" ("version")[0m
  [4;36;1mSQL (0.2ms)[0m   [0;1m SELECT name
 FROM sqlite_master
 WHERE type = 'table' AND NOT name = 'sqlite_sequence'
[0m
  [4;35;1mSQL (0.1ms)[0m   [0mSELECT version FROM "schema_migrations"[0m
  [4;36;1mSQL (1.2ms)[0m   [0;1mINSERT INTO "schema_migrations" (version) VALUES ('20090506152258')[0m
  [4;36;1mSQL (0.4ms)[0m   [0;1m SELECT name
 FROM sqlite_master
 WHERE type = 'table' AND NOT name = 'sqlite_sequence'
[0m
  [4;35;1mSQL (0.3ms)[0m   [0mSELECT version FROM schema_migrations[0m
  [4;36;1mSQL (0.1ms)[0m   [0;1mselect sqlite_version(*)[0m
  [4;35;1mSQL (0.2ms)[0m   [0m SELECT name
 FROM sqlite_master
 WHERE type = 'table' AND NOT name = 'sqlite_sequence'
[0m
  [4;36;1mSQL (12.7ms)[0m   [0;1mCREATE TABLE "users" ("id" INTEGER PRIMARY KEY AUTOINCREMENT NOT NULL, "name" varchar(255), "address" varchar(255), "created_at" datetime, "updated_at" datetime) [0m
  [4;35;1mSQL (0.5ms)[0m   [0m SELECT name
 FROM sqlite_master
 WHERE type = 'table' AND NOT name = 'sqlite_sequence'
[0m
  [4;36;1mSQL (2.1ms)[0m   [0;1mCREATE TABLE "schema_migrations" ("version" varchar(255) NOT NULL) [0m
  [4;35;1mSQL (1.7ms)[0m   [0mCREATE UNIQUE INDEX "unique_schema_migrations" ON "schema_migrations" ("version")[0m
  [4;36;1mSQL (0.3ms)[0m   [0;1m SELECT name
 FROM sqlite_master
 WHERE type = 'table' AND NOT name = 'sqlite_sequence'
[0m
  [4;35;1mSQL (0.2ms)[0m   [0mSELECT version FROM "schema_migrations"[0m
  [4;36;1mSQL (1.7ms)[0m   [0;1mINSERT INTO "schema_migrations" (version) VALUES ('20090506152258')[0m
  [4;36;1mSQL (0.4ms)[0m   [0;1m SELECT name
 FROM sqlite_master
 WHERE type = 'table' AND NOT name = 'sqlite_sequence'
[0m
  [4;35;1mSQL (0.1ms)[0m   [0mSELECT version FROM schema_migrations[0m
  [4;36;1mSQL (0.1ms)[0m   [0;1mselect sqlite_version(*)[0m
  [4;35;1mSQL (0.2ms)[0m   [0m SELECT name
 FROM sqlite_master
 WHERE type = 'table' AND NOT name = 'sqlite_sequence'
[0m
  [4;36;1mSQL (74.6ms)[0m   [0;1mCREATE TABLE "users" ("id" INTEGER PRIMARY KEY AUTOINCREMENT NOT NULL, "name" varchar(255), "address" varchar(255), "created_at" datetime, "updated_at" datetime) [0m
  [4;35;1mSQL (0.5ms)[0m   [0m SELECT name
 FROM sqlite_master
 WHERE type = 'table' AND NOT name = 'sqlite_sequence'
[0m
  [4;36;1mSQL (2.7ms)[0m   [0;1mCREATE TABLE "schema_migrations" ("version" varchar(255) NOT NULL) [0m
  [4;35;1mSQL (2.2ms)[0m   [0mCREATE UNIQUE INDEX "unique_schema_migrations" ON "schema_migrations" ("version")[0m
  [4;36;1mSQL (0.2ms)[0m   [0;1m SELECT name
 FROM sqlite_master
 WHERE type = 'table' AND NOT name = 'sqlite_sequence'
[0m
  [4;35;1mSQL (0.1ms)[0m   [0mSELECT version FROM "schema_migrations"[0m
  [4;36;1mSQL (2.0ms)[0m   [0;1mINSERT INTO "schema_migrations" (version) VALUES ('20090506152258')[0m
  [4;36;1mSQL (0.4ms)[0m   [0;1m SELECT name
 FROM sqlite_master
 WHERE type = 'table' AND NOT name = 'sqlite_sequence'
[0m
  [4;35;1mSQL (0.1ms)[0m   [0mSELECT version FROM schema_migrations[0m
  [4;36;1mSQL (0.1ms)[0m   [0;1mselect sqlite_version(*)[0m
  [4;35;1mSQL (0.2ms)[0m   [0m SELECT name
 FROM sqlite_master
 WHERE type = 'table' AND NOT name = 'sqlite_sequence'
[0m
  [4;36;1mSQL (12.5ms)[0m   [0;1mCREATE TABLE "users" ("id" INTEGER PRIMARY KEY AUTOINCREMENT NOT NULL, "name" varchar(255), "address" varchar(255), "created_at" datetime, "updated_at" datetime) [0m
  [4;35;1mSQL (0.5ms)[0m   [0m SELECT name
 FROM sqlite_master
 WHERE type = 'table' AND NOT name = 'sqlite_sequence'
[0m
  [4;36;1mSQL (2.0ms)[0m   [0;1mCREATE TABLE "schema_migrations" ("version" varchar(255) NOT NULL) [0m
  [4;35;1mSQL (2.2ms)[0m   [0mCREATE UNIQUE INDEX "unique_schema_migrations" ON "schema_migrations" ("version")[0m
  [4;36;1mSQL (0.3ms)[0m   [0;1m SELECT name
 FROM sqlite_master
 WHERE type = 'table' AND NOT name = 'sqlite_sequence'
[0m
  [4;35;1mSQL (0.1ms)[0m   [0mSELECT version FROM "schema_migrations"[0m
  [4;36;1mSQL (1.7ms)[0m   [0;1mINSERT INTO "schema_migrations" (version) VALUES ('20090506152258')[0m
  [4;36;1mSQL (0.4ms)[0m   [0;1m SELECT name
 FROM sqlite_master
 WHERE type = 'table' AND NOT name = 'sqlite_sequence'
[0m
  [4;35;1mSQL (0.1ms)[0m   [0mSELECT version FROM schema_migrations[0m
  [4;36;1mSQL (0.1ms)[0m   [0;1mselect sqlite_version(*)[0m
  [4;35;1mSQL (0.2ms)[0m   [0m SELECT name
 FROM sqlite_master
 WHERE type = 'table' AND NOT name = 'sqlite_sequence'
[0m
  [4;36;1mSQL (12.3ms)[0m   [0;1mCREATE TABLE "users" ("id" INTEGER PRIMARY KEY AUTOINCREMENT NOT NULL, "name" varchar(255), "address" varchar(255), "created_at" datetime, "updated_at" datetime) [0m
  [4;35;1mSQL (0.5ms)[0m   [0m SELECT name
 FROM sqlite_master
 WHERE type = 'table' AND NOT name = 'sqlite_sequence'
[0m
  [4;36;1mSQL (2.2ms)[0m   [0;1mCREATE TABLE "schema_migrations" ("version" varchar(255) NOT NULL) [0m
  [4;35;1mSQL (2.3ms)[0m   [0mCREATE UNIQUE INDEX "unique_schema_migrations" ON "schema_migrations" ("version")[0m
  [4;36;1mSQL (0.3ms)[0m   [0;1m SELECT name
 FROM sqlite_master
 WHERE type = 'table' AND NOT name = 'sqlite_sequence'
[0m
  [4;35;1mSQL (0.1ms)[0m   [0mSELECT version FROM "schema_migrations"[0m
  [4;36;1mSQL (2.0ms)[0m   [0;1mINSERT INTO "schema_migrations" (version) VALUES ('20090506152258')[0m
